==========================================
System Health Report - Tue May 26 07:00:35 UTC 2026
==========================================
CPU Usage: 0%
Memory Usage: 7%
Disk Usage: 1%

Top 5 Running Processes:
    PID COMMAND         %CPU %MEM
    311 containerd       0.2  0.6
    403 dockerd          0.0  0.9
      1 systemd          0.0  0.1
    663 Relay(667)       0.0  0.0
     87 systemd-udevd    0.0  0.1

System health monitoring completed.

==========================================
System Health Report - Tue May 26 07:19:45 UTC 2026
==========================================
CPU Usage: 0%
Memory Usage: 7%
Disk Usage: 1%

Top 5 Running Processes:
    PID COMMAND         %CPU %MEM
    311 containerd       0.2  0.6
    403 dockerd          0.0  0.9
      1 systemd          0.0  0.1
    663 Relay(667)       0.0  0.0
   1340 wsl-pro-service  0.0  0.1

System health monitoring completed.

